0 0
0.1 0.0000173843
0.2 0.0000337663
0.3 0.0000491696
0.4 0.0000636171
0.5 0.0000771311
0.6 0.0000897332
0.7 0.000101444
0.8 0.000112285
0.9 0.000122274
1 0.000131432
1.1 0.000139776
1.2 0.000147325
1.3 0.000154097
1.4 0.00016011
1.5 0.000165379
1.6 0.000169924
1.7 0.000173763
1.8 0.00017692
1.9 0.000179432
2 0.000181361
2.1 0.000182814
2.2 0.000183921
2.3 0.000184794
2.4 0.000185509
2.5 0.000186113
2.6 0.000186636
2.7 0.000187099
2.8 0.000187514
2.9 0.000187893
3 0.000188241
3.1 0.000188565
3.2 0.000188869
3.3 0.000189156
3.4 0.000189429
3.5 0.00018969
3.6 0.00018994
3.7 0.000190182
3.8 0.000190415
3.9 0.000190642
4 0.000190862
4.1 0.000191077
4.2 0.000191287
4.3 0.000191493
4.4 0.000191695
4.5 0.000191893
4.6 0.000192089
4.7 0.000192281
4.8 0.000192471
4.9 0.000192659
5 0.000192844
