0 0
0.1 0.0000236087
0.2 0.0000463182
0.3 0.0000681459
0.4 0.0000891084
0.5 0.000109222
0.6 0.000128503
0.7 0.000146967
0.8 0.000164629
0.9 0.000181503
1 0.000197605
1.1 0.000212948
1.2 0.000227546
1.3 0.000241413
1.4 0.000254561
1.5 0.000267004
1.6 0.000278753
1.7 0.000289822
1.8 0.000300222
1.9 0.000309965
2 0.000319061
2.1 0.000327523
2.2 0.000335362
2.3 0.000342587
2.4 0.00034921
2.5 0.00035524
2.6 0.000360689
2.7 0.000365568
2.8 0.000369886
2.9 0.000373658
3 0.000376902
3.1 0.000379643
3.2 0.000381928
3.3 0.000383821
3.4 0.000385397
3.5 0.000386726
3.6 0.000387864
3.7 0.000388854
3.8 0.000389728
3.9 0.000390508
4 0.000391213
4.1 0.000391857
4.2 0.000392449
4.3 0.000392997
4.4 0.00039351
4.5 0.00039399
4.6 0.000394444
4.7 0.000394875
4.8 0.000395286
4.9 0.000395678
5 0.000396055
