0 0
0.1 0.0000248571
0.2 0.0000490247
0.3 0.0000725127
0.4 0.0000953309
0.5 0.000117489
0.6 0.000138996
0.7 0.000159861
0.8 0.000180094
0.9 0.000199703
1 0.000218697
1.1 0.000237084
1.2 0.000254873
1.3 0.000272072
1.4 0.00028869
1.5 0.000304733
1.6 0.00032021
1.7 0.000335129
1.8 0.000349497
1.9 0.000363321
2 0.000376609
2.1 0.000389367
2.2 0.000401604
2.3 0.000413324
2.4 0.000424537
2.5 0.000435247
2.6 0.000445462
2.7 0.000455188
2.8 0.000464431
2.9 0.000473197
3 0.000481493
3.1 0.000489325
3.2 0.000496698
3.3 0.000503618
3.4 0.000510092
3.5 0.000516124
3.6 0.00052172
3.7 0.000526887
3.8 0.000531629
3.9 0.000535953
4 0.000539866
4.1 0.000543375
4.2 0.00054649
4.3 0.000549229
4.4 0.000551616
4.5 0.000553688
4.6 0.000555489
4.7 0.000557062
4.8 0.000558449
4.9 0.000559683
5 0.00056079
