0 1.17358e-06
0.1 1.38462e-06
0.2 1.58984e-06
0.3 1.80088e-06
0.4 1.99674e-06
0.5 2.20196e-06
0.6 2.38518e-06
0.7 2.58104e-06
0.8 2.749e-06
0.9 2.93223e-06
1 3.083e-06
1.1 3.25096e-06
1.2 3.38339e-06
1.3 3.53416e-06
1.4 3.6478e-06
1.5 3.78022e-06
1.6 3.87529e-06
1.7 3.98893e-06
1.8 4.06615e-06
1.9 4.16122e-06
2 4.2217e-06
2.1 4.29891e-06
2.2 4.34406e-06
2.3 4.40454e-06
2.4 4.43587e-06
2.5 4.48101e-06
2.6 4.50012e-06
2.7 4.53145e-06
2.8 4.5399e-06
2.9 4.559e-06
3 4.55831e-06
3.1 4.56676e-06
3.2 4.5583e-06
3.3 4.55761e-06
3.4 4.54268e-06
3.5 4.53422e-06
3.6 4.51394e-06
3.7 4.49901e-06
3.8 4.47439e-06
3.9 4.45411e-06
4 4.42601e-06
4.1 4.40139e-06
4.2 4.37057e-06
4.3 4.34248e-06
4.4 4.30959e-06
4.5 4.27877e-06
4.6 4.24435e-06
4.7 4.21145e-06
4.8 4.17596e-06
4.9 4.14153e-06
5 4.10604e-06
